<?xml version="1.0" encoding="UTF-8"?>
<testng-results ignored="0" total="2" passed="2" failed="0" skipped="0">
  <reporter-output>
  </reporter-output>
  <suite started-at="2023-07-25T12:28:09 IST" name="Default suite" finished-at="2023-07-25T12:28:22 IST" duration-ms="13430">
    <groups>
      <group name="cucumber">
        <method signature="AbstractTestNGCucumberTests.runScenario(io.cucumber.testng.PickleWrapper,io.cucumber.testng.FeatureWrapper)[pri:0, instance:cucumberoptions.Testrunner_TestNG@75437611]" name="runScenario" class="io.cucumber.testng.AbstractTestNGCucumberTests"/>
      </group> <!-- cucumber -->
    </groups>
    <test started-at="2023-07-25T12:28:09 IST" name="Default test" finished-at="2023-07-25T12:28:22 IST" duration-ms="13430">
      <class name="cucumberoptions.Testrunner_TestNG">
        <test-method is-config="true" signature="setUpClass(org.testng.ITestContext)[pri:0, instance:cucumberoptions.Testrunner_TestNG@75437611]" started-at="2023-07-25T12:28:09 IST" name="setUpClass" finished-at="2023-07-25T12:28:09 IST" duration-ms="142" status="PASS">
          <params>
            <param index="0">
              <value>
                <![CDATA[org.testng.TestRunner@20f12539]]>
              </value>
            </param>
          </params>
          <reporter-output>
          </reporter-output>
        </test-method> <!-- setUpClass -->
        <test-method signature="runScenario(io.cucumber.testng.PickleWrapper,io.cucumber.testng.FeatureWrapper)[pri:0, instance:cucumberoptions.Testrunner_TestNG@75437611]" started-at="2023-07-25T12:28:09 IST" name="runScenario" description="Runs Cucumber Scenarios" data-provider="scenarios" finished-at="2023-07-25T12:28:22 IST" duration-ms="13256" status="PASS">
          <params>
            <param index="0">
              <value>
                <![CDATA["Parallel execution using testing"]]>
              </value>
            </param>
            <param index="1">
              <value>
                <![CDATA["testing parallel"]]>
              </value>
            </param>
          </params>
          <reporter-output>
          </reporter-output>
        </test-method> <!-- runScenario -->
        <test-method signature="runScenario(io.cucumber.testng.PickleWrapper,io.cucumber.testng.FeatureWrapper)[pri:0, instance:cucumberoptions.Testrunner_TestNG@75437611]" started-at="2023-07-25T12:28:09 IST" name="runScenario" description="Runs Cucumber Scenarios" data-provider="scenarios" finished-at="2023-07-25T12:28:21 IST" duration-ms="11968" status="PASS">
          <params>
            <param index="0">
              <value>
                <![CDATA["Parallel execution using testing"]]>
              </value>
            </param>
            <param index="1">
              <value>
                <![CDATA["testing parallel"]]>
              </value>
            </param>
          </params>
          <reporter-output>
          </reporter-output>
        </test-method> <!-- runScenario -->
        <test-method is-config="true" signature="tearDownClass()[pri:0, instance:cucumberoptions.Testrunner_TestNG@75437611]" started-at="2023-07-25T12:28:22 IST" name="tearDownClass" finished-at="2023-07-25T12:28:22 IST" duration-ms="5" status="PASS">
          <reporter-output>
          </reporter-output>
        </test-method> <!-- tearDownClass -->
      </class> <!-- cucumberoptions.Testrunner_TestNG -->
    </test> <!-- Default test -->
  </suite> <!-- Default suite -->
</testng-results>
